   6.239378 2026-02-20 00:54:43.001 f.r.Robot INFO I'm alive! FRC3620_SpongeBot 4ddaae84a4628f958460bcfea454d042bc5a8424-dirty Branch=main Build-time="2026-02-19T19:54:18-0500 (Thu)" Build-host="FRC3620-E5470"
   6.656588 2026-02-20 00:54:43.418 o.u.f.CANDeviceFinder DEBUG calling find()
   7.177449 2026-02-20 00:54:43.939 f.r.RobotContainer INFO Have device CTRE_PDP 0
   7.182522 2026-02-20 00:54:43.944 f.r.RobotContainer INFO Have device TALON_PHOENIX5 1
   7.186942 2026-02-20 00:54:43.948 f.r.RobotContainer INFO Have device TALON_PHOENIX5 2
   7.187115 2026-02-20 00:54:43.948 f.r.RobotContainer INFO Have device TALON_PHOENIX5 3
   7.187268 2026-02-20 00:54:43.949 f.r.RobotContainer INFO Have device TALON_PHOENIX5 4
   8.706272 2026-02-20 00:54:45.468 o.u.f.RobotParametersBase INFO Serial number = '030a8289'
   8.706683 2026-02-20 00:54:45.468 o.u.f.RobotParametersBase INFO reading frc.robot.RobotParameters from /home/lvuser/deploy/robot_parameters.json
   9.513163 2026-02-20 00:54:46.274 o.u.f.RobotParametersBase INFO no entry in /home/lvuser/deploy/robot_parameters.json for "030a8289"
   9.513524 2026-02-20 00:54:46.275 o.u.f.RobotParametersBase INFO making default frc.robot.RobotParameters
   9.514282 2026-02-20 00:54:46.276 o.u.f.RobotParametersBase INFO robot parameters class frc.robot.RobotParameters: frc.robot.RobotParameters@e8dde3 [serial=[], competitionRobot=false, name=, makeAllCANDevices=false]
   9.515208 2026-02-20 00:54:46.276 f.r.RobotContainer INFO got parameters for chassis ''
   9.515722 2026-02-20 00:54:46.277 f.r.RobotContainer WARN this is a test chassis, will try to deal with missing hardware!
   9.841286 2026-02-20 00:54:46.603 f.r.Robot INFO Switching from INIT to DISABLED
   9.842624 2026-02-20 00:54:46.604 f.r.Robot INFO CAN bus: [CTRE_PDP 0, TALON_PHOENIX5 1, TALON_PHOENIX5 2, TALON_PHOENIX5 3, TALON_PHOENIX5 4]
  29.788344 2026-02-20 00:55:06.550 f.r.Robot INFO Switching from DISABLED to TELEOP
  29.789046 2026-02-20 00:55:06.550 f.r.Robot INFO Alliance Optional[Blue], position OptionalInt[1]
  29.791652 2026-02-20 00:55:06.553 f.r.Robot INFO Initialized Stopped Motors, subsystems [frc.robot.HeaterSubsystem@194c39]
  80.850682 2026-02-20 00:55:57.612 f.r.Robot INFO Interrupted Stopped Motors
  80.851959 2026-02-20 00:55:57.613 f.r.Robot INFO Initialized Repeat(SequentialCommandGroup), subsystems [frc.robot.HeaterSubsystem@194c39]
 135.910652 2026-02-20 00:56:52.672 f.r.Robot INFO Interrupted Repeat(SequentialCommandGroup)
 135.930969 2026-02-20 00:56:52.692 f.r.Robot INFO Initialized Stopped Motors, subsystems [frc.robot.HeaterSubsystem@194c39]
 140.490084 2026-02-20 00:56:57.251 f.r.Robot INFO Switching from TELEOP to DISABLED
 140.495670 2026-02-20 00:56:57.257 f.r.Robot INFO Interrupted Stopped Motors
